<?xml version="1.0" encoding="UTF-8"?>
<testsuite name="me.commonerd.springbootdeveloper.config.jwt.TokenProviderTest" tests="5" skipped="0" failures="0" errors="0" timestamp="2023-06-04T02:00:14" hostname="DESKTOP-O93F7HU" time="1.561">
  <properties/>
  <testcase name="validToken(): 유효한 토큰인 경우에 유효성 검증에 성공한다." classname="me.commonerd.springbootdeveloper.config.jwt.TokenProviderTest" time="1.179"/>
  <testcase name="validToken(): 만료된 토큰인 경우에 유효성 검증에 실패한다." classname="me.commonerd.springbootdeveloper.config.jwt.TokenProviderTest" time="0.02"/>
  <testcase name="getAuthentication(): 토큰 기반으로 인증정보를 가져올 수 있다." classname="me.commonerd.springbootdeveloper.config.jwt.TokenProviderTest" time="0.029"/>
  <testcase name="getUserId(): 토큰으로 유저 ID를 가져올 수 있다." classname="me.commonerd.springbootdeveloper.config.jwt.TokenProviderTest" time="0.018"/>
  <testcase name="generateToken(): 유저 정보와 만료 기간을 전달해 토큰을 만들 수 있다." classname="me.commonerd.springbootdeveloper.config.jwt.TokenProviderTest" time="0.303"/>
  <system-out><![CDATA[10:59:59.681 [Test worker] DEBUG org.springframework.boot.test.context.SpringBootTestContextBootstrapper - Neither @ContextConfiguration nor @ContextHierarchy found for test class [TokenProviderTest]: using SpringBootContextLoader
10:59:59.699 [Test worker] DEBUG org.springframework.test.context.support.AbstractContextLoader - Could not detect default resource locations for test class [me.commonerd.springbootdeveloper.config.jwt.TokenProviderTest]: no resource found for suffixes {-context.xml, Context.groovy}.
10:59:59.701 [Test worker] INFO org.springframework.test.context.support.AnnotationConfigContextLoaderUtils - Could not detect default configuration classes for test class [me.commonerd.springbootdeveloper.config.jwt.TokenProviderTest]: TokenProviderTest does not declare any static, non-private, non-final, nested classes annotated with @Configuration.
10:59:59.810 [Test worker] DEBUG org.springframework.boot.test.context.SpringBootTestContextBootstrapper - Using ContextCustomizers for test class [TokenProviderTest]: [DisableObservabilityContextCustomizer, PropertyMappingContextCustomizer, Customizer, ExcludeFilterContextCustomizer, DuplicateJsonObjectContextCustomizer, MockitoContextCustomizer, TestRestTemplateContextCustomizer]
11:00:00.060 [Test worker] DEBUG org.springframework.context.annotation.ClassPathScanningCandidateComponentProvider - Identified candidate component class: file [C:\Users\41m\Documents\projects\spring-developer2\build\classes\java\main\me\commonerd\springbootdeveloper\SpringBootDeveloperApplication.class]
11:00:00.064 [Test worker] INFO org.springframework.boot.test.context.SpringBootTestContextBootstrapper - Found @SpringBootConfiguration me.commonerd.springbootdeveloper.SpringBootDeveloperApplication for test class me.commonerd.springbootdeveloper.config.jwt.TokenProviderTest
11:00:00.443 [Test worker] DEBUG org.springframework.boot.test.context.SpringBootTestContextBootstrapper - Using TestExecutionListeners for test class [TokenProviderTest]: [ServletTestExecutionListener, DirtiesContextBeforeModesTestExecutionListener, ApplicationEventsTestExecutionListener, MockitoTestExecutionListener, DependencyInjectionTestExecutionListener, DirtiesContextTestExecutionListener, TransactionalTestExecutionListener, SqlScriptsTestExecutionListener, WithSecurityContextTestExecutionListener, EventPublishingTestExecutionListener, ReactorContextTestExecutionListener, RestDocsTestExecutionListener, MockRestServiceServerResetTestExecutionListener, MockMvcPrintOnlyOnFailureTestExecutionListener, WebDriverTestExecutionListener, MockWebServiceServerTestExecutionListener, ResetMocksTestExecutionListener]
11:00:00.446 [Test worker] DEBUG org.springframework.test.context.support.AbstractDirtiesContextTestExecutionListener - Before test class: class [TokenProviderTest], class annotated with @DirtiesContext [false] with mode [null]

  .   ____          _            __ _ _
 /\\ / ___'_ __ _ _(_)_ __  __ _ \ \ \ \
( ( )\___ | '_ | '_| | '_ \/ _` | \ \ \ \
 \\/  ___)| |_)| | | | | || (_| |  ) ) ) )
  '  |____| .__|_| |_|_| |_\__, | / / / /
 =========|_|==============|___/=/_/_/_/
 :: Spring Boot ::                (v3.0.2)

2023-06-04T11:00:01.415+09:00  INFO 26104 --- [    Test worker] m.c.s.config.jwt.TokenProviderTest       : Starting TokenProviderTest using Java 17.0.6 with PID 26104 (started by 41m in C:\Users\41m\Documents\projects\spring-developer2)
2023-06-04T11:00:01.418+09:00  INFO 26104 --- [    Test worker] m.c.s.config.jwt.TokenProviderTest       : No active profile set, falling back to 1 default profile: "default"
2023-06-04T11:00:03.514+09:00  INFO 26104 --- [    Test worker] .s.d.r.c.RepositoryConfigurationDelegate : Bootstrapping Spring Data JPA repositories in DEFAULT mode.
2023-06-04T11:00:03.667+09:00  INFO 26104 --- [    Test worker] .s.d.r.c.RepositoryConfigurationDelegate : Finished Spring Data repository scanning in 136 ms. Found 3 JPA repository interfaces.
2023-06-04T11:00:04.978+09:00  INFO 26104 --- [    Test worker] com.zaxxer.hikari.HikariDataSource       : HikariPool-1 - Starting...
2023-06-04T11:00:05.597+09:00  INFO 26104 --- [    Test worker] com.zaxxer.hikari.pool.HikariPool        : HikariPool-1 - Added connection conn0: url=jdbc:h2:mem:8cc8fd81-312c-4215-b043-ff3d747f18b9 user=SA
2023-06-04T11:00:05.603+09:00  INFO 26104 --- [    Test worker] com.zaxxer.hikari.HikariDataSource       : HikariPool-1 - Start completed.
2023-06-04T11:00:05.735+09:00  INFO 26104 --- [    Test worker] o.hibernate.jpa.internal.util.LogHelper  : HHH000204: Processing PersistenceUnitInfo [name: default]
2023-06-04T11:00:06.038+09:00  INFO 26104 --- [    Test worker] org.hibernate.Version                    : HHH000412: Hibernate ORM core version 6.1.6.Final
2023-06-04T11:00:06.599+09:00  WARN 26104 --- [    Test worker] org.hibernate.orm.deprecation            : HHH90000021: Encountered deprecated setting [javax.persistence.sharedCache.mode], use [jakarta.persistence.sharedCache.mode] instead
2023-06-04T11:00:07.087+09:00  INFO 26104 --- [    Test worker] SQL dialect                              : HHH000400: Using dialect: org.hibernate.dialect.H2Dialect
Hibernate: 
    
    drop table if exists article cascade 
Hibernate: 
    
    drop table if exists refresh_token cascade 
Hibernate: 
    
    drop table if exists users cascade 
Hibernate: 
    
    create table article (
       id bigint generated by default as identity,
        author varchar(255) not null,
        content varchar(255) not null,
        created_at timestamp(6),
        title varchar(255) not null,
        updated_at timestamp(6),
        primary key (id)
    )
Hibernate: 
    
    create table refresh_token (
       id bigint generated by default as identity,
        refresh_token varchar(255) not null,
        user_id bigint not null,
        primary key (id)
    )
Hibernate: 
    
    create table users (
       id bigint generated by default as identity,
        email varchar(255) not null,
        nickname varchar(255),
        password varchar(255),
        primary key (id)
    )
Hibernate: 
    
    alter table if exists refresh_token 
       add constraint UK_f95ixxe7pa48ryn1awmh2evt7 unique (user_id)
Hibernate: 
    
    alter table if exists users 
       add constraint UK_6dotkott2kjsp8vw4d0m25fb7 unique (email)
Hibernate: 
    
    alter table if exists users 
       add constraint UK_2ty1xmrrgtn89xt7kyxx6ta7h unique (nickname)
2023-06-04T11:00:09.927+09:00  INFO 26104 --- [    Test worker] o.h.e.t.j.p.i.JtaPlatformInitiator       : HHH000490: Using JtaPlatform implementation: [org.hibernate.engine.transaction.jta.platform.internal.NoJtaPlatform]
2023-06-04T11:00:09.955+09:00  INFO 26104 --- [    Test worker] j.LocalContainerEntityManagerFactoryBean : Initialized JPA EntityManagerFactory for persistence unit 'default'
2023-06-04T11:00:10.985+09:00  WARN 26104 --- [    Test worker] JpaBaseConfiguration$JpaWebConfiguration : spring.jpa.open-in-view is enabled by default. Therefore, database queries may be performed during view rendering. Explicitly configure spring.jpa.open-in-view to disable this warning
2023-06-04T11:00:12.748+09:00  INFO 26104 --- [    Test worker] o.s.s.web.DefaultSecurityFilterChain     : Will secure any request with [org.springframework.security.web.session.DisableEncodeUrlFilter@53cb9b1, org.springframework.security.web.context.request.async.WebAsyncManagerIntegrationFilter@c2191a8, org.springframework.security.web.context.SecurityContextHolderFilter@2468c0e4, org.springframework.security.web.header.HeaderWriterFilter@50eae15a, org.springframework.security.web.authentication.logout.LogoutFilter@cf0bc92, org.springframework.security.oauth2.client.web.OAuth2AuthorizationRequestRedirectFilter@6bed434d, org.springframework.security.oauth2.client.web.OAuth2LoginAuthenticationFilter@13f10967, me.commonerd.springbootdeveloper.config.TokenAuthenticationFilter@755a90a6, org.springframework.security.web.savedrequest.RequestCacheAwareFilter@1a82453, org.springframework.security.web.servletapi.SecurityContextHolderAwareRequestFilter@3df54fd5, org.springframework.security.web.authentication.AnonymousAuthenticationFilter@61e34bec, org.springframework.security.web.session.SessionManagementFilter@5b5f61cc, org.springframework.security.web.access.ExceptionTranslationFilter@1c618295, org.springframework.security.web.access.intercept.FilterSecurityInterceptor@1315befe]
2023-06-04T11:00:13.821+09:00  INFO 26104 --- [    Test worker] o.s.b.a.h2.H2ConsoleAutoConfiguration    : H2 console available at '/h2-console'. Database available at 'jdbc:h2:mem:8cc8fd81-312c-4215-b043-ff3d747f18b9'
2023-06-04T11:00:14.036+09:00  WARN 26104 --- [    Test worker] o.s.s.c.a.web.builders.WebSecurity       : You are asking Spring Security to ignore org.springframework.boot.autoconfigure.security.servlet.PathRequest$H2ConsoleRequestMatcher@67748053. This is not recommended -- please use permitAll via HttpSecurity#authorizeHttpRequests instead.
2023-06-04T11:00:14.037+09:00  INFO 26104 --- [    Test worker] o.s.s.web.DefaultSecurityFilterChain     : Will not secure org.springframework.boot.autoconfigure.security.servlet.PathRequest$H2ConsoleRequestMatcher@67748053
2023-06-04T11:00:14.039+09:00  WARN 26104 --- [    Test worker] o.s.s.c.a.web.builders.WebSecurity       : You are asking Spring Security to ignore Mvc [pattern='/static/js/img/**']. This is not recommended -- please use permitAll via HttpSecurity#authorizeHttpRequests instead.
2023-06-04T11:00:14.040+09:00  INFO 26104 --- [    Test worker] o.s.s.web.DefaultSecurityFilterChain     : Will not secure Mvc [pattern='/static/js/img/**']
2023-06-04T11:00:14.041+09:00  WARN 26104 --- [    Test worker] o.s.s.c.a.web.builders.WebSecurity       : You are asking Spring Security to ignore Mvc [pattern='/css/**']. This is not recommended -- please use permitAll via HttpSecurity#authorizeHttpRequests instead.
2023-06-04T11:00:14.045+09:00  INFO 26104 --- [    Test worker] o.s.s.web.DefaultSecurityFilterChain     : Will not secure Mvc [pattern='/css/**']
2023-06-04T11:00:14.046+09:00  WARN 26104 --- [    Test worker] o.s.s.c.a.web.builders.WebSecurity       : You are asking Spring Security to ignore Mvc [pattern='/js/**']. This is not recommended -- please use permitAll via HttpSecurity#authorizeHttpRequests instead.
2023-06-04T11:00:14.047+09:00  INFO 26104 --- [    Test worker] o.s.s.web.DefaultSecurityFilterChain     : Will not secure Mvc [pattern='/js/**']
2023-06-04T11:00:14.206+09:00  INFO 26104 --- [    Test worker] m.c.s.config.jwt.TokenProviderTest       : Started TokenProviderTest in 13.573 seconds (process running for 17.694)
Hibernate: 
    insert 
    into
        users
        (id, email, nickname, password) 
    values
        (default, ?, ?, ?)
]]></system-out>
  <system-err><![CDATA[]]></system-err>
</testsuite>
