<?xml version="1.0" encoding="UTF-8"?>
<testsuite name="me.commonerd.springbootdeveloper.config.jwt.TokenProviderTest" tests="5" skipped="0" failures="0" errors="0" timestamp="2023-06-04T07:53:30" hostname="DESKTOP-O93F7HU" time="1.602">
  <properties/>
  <testcase name="validToken(): 유효한 토큰인 경우에 유효성 검증에 성공한다." classname="me.commonerd.springbootdeveloper.config.jwt.TokenProviderTest" time="1.355"/>
  <testcase name="validToken(): 만료된 토큰인 경우에 유효성 검증에 실패한다." classname="me.commonerd.springbootdeveloper.config.jwt.TokenProviderTest" time="0.016"/>
  <testcase name="getAuthentication(): 토큰 기반으로 인증정보를 가져올 수 있다." classname="me.commonerd.springbootdeveloper.config.jwt.TokenProviderTest" time="0.024"/>
  <testcase name="getUserId(): 토큰으로 유저 ID를 가져올 수 있다." classname="me.commonerd.springbootdeveloper.config.jwt.TokenProviderTest" time="0.017"/>
  <testcase name="generateToken(): 유저 정보와 만료 기간을 전달해 토큰을 만들 수 있다." classname="me.commonerd.springbootdeveloper.config.jwt.TokenProviderTest" time="0.179"/>
  <system-out><![CDATA[16:53:16.794 [Test worker] DEBUG org.springframework.boot.test.context.SpringBootTestContextBootstrapper - Neither @ContextConfiguration nor @ContextHierarchy found for test class [TokenProviderTest]: using SpringBootContextLoader
16:53:16.809 [Test worker] DEBUG org.springframework.test.context.support.AbstractContextLoader - Could not detect default resource locations for test class [me.commonerd.springbootdeveloper.config.jwt.TokenProviderTest]: no resource found for suffixes {-context.xml, Context.groovy}.
16:53:16.811 [Test worker] INFO org.springframework.test.context.support.AnnotationConfigContextLoaderUtils - Could not detect default configuration classes for test class [me.commonerd.springbootdeveloper.config.jwt.TokenProviderTest]: TokenProviderTest does not declare any static, non-private, non-final, nested classes annotated with @Configuration.
16:53:16.911 [Test worker] DEBUG org.springframework.boot.test.context.SpringBootTestContextBootstrapper - Using ContextCustomizers for test class [TokenProviderTest]: [DisableObservabilityContextCustomizer, PropertyMappingContextCustomizer, Customizer, ExcludeFilterContextCustomizer, DuplicateJsonObjectContextCustomizer, MockitoContextCustomizer, TestRestTemplateContextCustomizer]
16:53:17.160 [Test worker] DEBUG org.springframework.context.annotation.ClassPathScanningCandidateComponentProvider - Identified candidate component class: file [C:\Users\41m\Documents\projects\spring-developer2\build\classes\java\main\me\commonerd\springbootdeveloper\SpringBootDeveloperApplication.class]
16:53:17.164 [Test worker] INFO org.springframework.boot.test.context.SpringBootTestContextBootstrapper - Found @SpringBootConfiguration me.commonerd.springbootdeveloper.SpringBootDeveloperApplication for test class me.commonerd.springbootdeveloper.config.jwt.TokenProviderTest
16:53:17.454 [Test worker] DEBUG org.springframework.boot.test.context.SpringBootTestContextBootstrapper - Using TestExecutionListeners for test class [TokenProviderTest]: [ServletTestExecutionListener, DirtiesContextBeforeModesTestExecutionListener, ApplicationEventsTestExecutionListener, MockitoTestExecutionListener, DependencyInjectionTestExecutionListener, DirtiesContextTestExecutionListener, TransactionalTestExecutionListener, SqlScriptsTestExecutionListener, WithSecurityContextTestExecutionListener, EventPublishingTestExecutionListener, ReactorContextTestExecutionListener, RestDocsTestExecutionListener, MockRestServiceServerResetTestExecutionListener, MockMvcPrintOnlyOnFailureTestExecutionListener, WebDriverTestExecutionListener, MockWebServiceServerTestExecutionListener, ResetMocksTestExecutionListener]
16:53:17.457 [Test worker] DEBUG org.springframework.test.context.support.AbstractDirtiesContextTestExecutionListener - Before test class: class [TokenProviderTest], class annotated with @DirtiesContext [false] with mode [null]

  .   ____          _            __ _ _
 /\\ / ___'_ __ _ _(_)_ __  __ _ \ \ \ \
( ( )\___ | '_ | '_| | '_ \/ _` | \ \ \ \
 \\/  ___)| |_)| | | | | || (_| |  ) ) ) )
  '  |____| .__|_| |_|_| |_\__, | / / / /
 =========|_|==============|___/=/_/_/_/
 :: Spring Boot ::                (v3.0.2)

2023-06-04T16:53:18.287+09:00  INFO 20248 --- [    Test worker] m.c.s.config.jwt.TokenProviderTest       : Starting TokenProviderTest using Java 17.0.6 with PID 20248 (started by 41m in C:\Users\41m\Documents\projects\spring-developer2)
2023-06-04T16:53:18.290+09:00  INFO 20248 --- [    Test worker] m.c.s.config.jwt.TokenProviderTest       : No active profile set, falling back to 1 default profile: "default"
2023-06-04T16:53:20.134+09:00  INFO 20248 --- [    Test worker] .s.d.r.c.RepositoryConfigurationDelegate : Bootstrapping Spring Data JPA repositories in DEFAULT mode.
2023-06-04T16:53:20.372+09:00  INFO 20248 --- [    Test worker] .s.d.r.c.RepositoryConfigurationDelegate : Finished Spring Data repository scanning in 210 ms. Found 3 JPA repository interfaces.
2023-06-04T16:53:21.852+09:00  INFO 20248 --- [    Test worker] com.zaxxer.hikari.HikariDataSource       : HikariPool-1 - Starting...
2023-06-04T16:53:22.371+09:00  INFO 20248 --- [    Test worker] com.zaxxer.hikari.pool.HikariPool        : HikariPool-1 - Added connection conn0: url=jdbc:h2:mem:aa64e89b-3485-4703-abaf-f9a998e98305 user=SA
2023-06-04T16:53:22.377+09:00  INFO 20248 --- [    Test worker] com.zaxxer.hikari.HikariDataSource       : HikariPool-1 - Start completed.
2023-06-04T16:53:22.500+09:00  INFO 20248 --- [    Test worker] o.hibernate.jpa.internal.util.LogHelper  : HHH000204: Processing PersistenceUnitInfo [name: default]
2023-06-04T16:53:22.707+09:00  INFO 20248 --- [    Test worker] org.hibernate.Version                    : HHH000412: Hibernate ORM core version 6.1.6.Final
2023-06-04T16:53:23.237+09:00  WARN 20248 --- [    Test worker] org.hibernate.orm.deprecation            : HHH90000021: Encountered deprecated setting [javax.persistence.sharedCache.mode], use [jakarta.persistence.sharedCache.mode] instead
2023-06-04T16:53:23.661+09:00  INFO 20248 --- [    Test worker] SQL dialect                              : HHH000400: Using dialect: org.hibernate.dialect.H2Dialect
Hibernate: 
    
    drop table if exists article cascade 
Hibernate: 
    
    drop table if exists refresh_token cascade 
Hibernate: 
    
    drop table if exists users cascade 
Hibernate: 
    
    create table article (
       id bigint generated by default as identity,
        author varchar(255) not null,
        content varchar(255) not null,
        created_at timestamp(6),
        title varchar(255) not null,
        updated_at timestamp(6),
        primary key (id)
    )
Hibernate: 
    
    create table refresh_token (
       id bigint generated by default as identity,
        refresh_token varchar(255) not null,
        user_id bigint not null,
        primary key (id)
    )
Hibernate: 
    
    create table users (
       id bigint generated by default as identity,
        email varchar(255) not null,
        nickname varchar(255),
        password varchar(255),
        primary key (id)
    )
Hibernate: 
    
    alter table if exists refresh_token 
       add constraint UK_f95ixxe7pa48ryn1awmh2evt7 unique (user_id)
Hibernate: 
    
    alter table if exists users 
       add constraint UK_6dotkott2kjsp8vw4d0m25fb7 unique (email)
Hibernate: 
    
    alter table if exists users 
       add constraint UK_2ty1xmrrgtn89xt7kyxx6ta7h unique (nickname)
2023-06-04T16:53:25.701+09:00  INFO 20248 --- [    Test worker] o.h.e.t.j.p.i.JtaPlatformInitiator       : HHH000490: Using JtaPlatform implementation: [org.hibernate.engine.transaction.jta.platform.internal.NoJtaPlatform]
2023-06-04T16:53:25.731+09:00  INFO 20248 --- [    Test worker] j.LocalContainerEntityManagerFactoryBean : Initialized JPA EntityManagerFactory for persistence unit 'default'
2023-06-04T16:53:26.806+09:00  WARN 20248 --- [    Test worker] JpaBaseConfiguration$JpaWebConfiguration : spring.jpa.open-in-view is enabled by default. Therefore, database queries may be performed during view rendering. Explicitly configure spring.jpa.open-in-view to disable this warning
2023-06-04T16:53:28.716+09:00  INFO 20248 --- [    Test worker] o.s.s.web.DefaultSecurityFilterChain     : Will secure any request with [org.springframework.security.web.session.DisableEncodeUrlFilter@30f99ca1, org.springframework.security.web.context.request.async.WebAsyncManagerIntegrationFilter@edb8f0c, org.springframework.security.web.context.SecurityContextHolderFilter@1d722bff, org.springframework.security.web.header.HeaderWriterFilter@1181526e, org.springframework.security.web.authentication.logout.LogoutFilter@341141ab, org.springframework.security.oauth2.client.web.OAuth2AuthorizationRequestRedirectFilter@594965c9, org.springframework.security.oauth2.client.web.OAuth2LoginAuthenticationFilter@11b74ecb, me.commonerd.springbootdeveloper.config.TokenAuthenticationFilter@2487b621, org.springframework.security.web.savedrequest.RequestCacheAwareFilter@2835b3d1, org.springframework.security.web.servletapi.SecurityContextHolderAwareRequestFilter@20e9b10b, org.springframework.security.web.authentication.AnonymousAuthenticationFilter@6f70015, org.springframework.security.web.session.SessionManagementFilter@3b8a8abc, org.springframework.security.web.access.ExceptionTranslationFilter@28d1b2f, org.springframework.security.web.access.intercept.FilterSecurityInterceptor@e30a8ef]
2023-06-04T16:53:29.811+09:00  INFO 20248 --- [    Test worker] o.s.b.a.h2.H2ConsoleAutoConfiguration    : H2 console available at '/h2-console'. Database available at 'jdbc:h2:mem:aa64e89b-3485-4703-abaf-f9a998e98305'
2023-06-04T16:53:29.978+09:00  WARN 20248 --- [    Test worker] o.s.s.c.a.web.builders.WebSecurity       : You are asking Spring Security to ignore org.springframework.boot.autoconfigure.security.servlet.PathRequest$H2ConsoleRequestMatcher@1737834. This is not recommended -- please use permitAll via HttpSecurity#authorizeHttpRequests instead.
2023-06-04T16:53:29.979+09:00  INFO 20248 --- [    Test worker] o.s.s.web.DefaultSecurityFilterChain     : Will not secure org.springframework.boot.autoconfigure.security.servlet.PathRequest$H2ConsoleRequestMatcher@1737834
2023-06-04T16:53:29.980+09:00  WARN 20248 --- [    Test worker] o.s.s.c.a.web.builders.WebSecurity       : You are asking Spring Security to ignore Mvc [pattern='/static/js/img/**']. This is not recommended -- please use permitAll via HttpSecurity#authorizeHttpRequests instead.
2023-06-04T16:53:29.981+09:00  INFO 20248 --- [    Test worker] o.s.s.web.DefaultSecurityFilterChain     : Will not secure Mvc [pattern='/static/js/img/**']
2023-06-04T16:53:29.981+09:00  WARN 20248 --- [    Test worker] o.s.s.c.a.web.builders.WebSecurity       : You are asking Spring Security to ignore Mvc [pattern='/css/**']. This is not recommended -- please use permitAll via HttpSecurity#authorizeHttpRequests instead.
2023-06-04T16:53:29.981+09:00  INFO 20248 --- [    Test worker] o.s.s.web.DefaultSecurityFilterChain     : Will not secure Mvc [pattern='/css/**']
2023-06-04T16:53:29.981+09:00  WARN 20248 --- [    Test worker] o.s.s.c.a.web.builders.WebSecurity       : You are asking Spring Security to ignore Mvc [pattern='/js/**']. This is not recommended -- please use permitAll via HttpSecurity#authorizeHttpRequests instead.
2023-06-04T16:53:29.982+09:00  INFO 20248 --- [    Test worker] o.s.s.web.DefaultSecurityFilterChain     : Will not secure Mvc [pattern='/js/**']
2023-06-04T16:53:30.143+09:00  INFO 20248 --- [    Test worker] m.c.s.config.jwt.TokenProviderTest       : Started TokenProviderTest in 12.559 seconds (process running for 16.422)
Hibernate: 
    insert 
    into
        users
        (id, email, nickname, password) 
    values
        (default, ?, ?, ?)
]]></system-out>
  <system-err><![CDATA[]]></system-err>
</testsuite>
